<?xml version="1.0" encoding="UTF-8" ?>
<testsuite errors="0" failures="0" hostname="alamgir-PC" name="com.shampan.db.DBConnecitonTest" skipped="0" tests="1" time="0.389" timestamp="2015-06-13T02:44:08">
  <properties>
[...]
</properties>
  <testcase classname="com.shampan.db.DBConnecitonTest" name="main" time="0.329" />
  <system-out><![CDATA[]]></system-out>
  <system-err><![CDATA[Jun 13, 2015 8:44:09 AM com.mongodb.diagnostics.logging.JULLogger log
INFO: Cluster created with settings {hosts=[127.0.0.1:27018], mode=SINGLE, requiredClusterType=UNKNOWN, serverSelectionTimeout='30000 ms', maxWaitQueueSize=500}
]]></system-err>
</testsuite>
